<?xml version="1.0" encoding="UTF-8"?>
<testng-results ignored="0" total="1" passed="1" failed="0" skipped="0">
  <reporter-output>
  </reporter-output>
  <suite started-at="2023-10-23T01:50:49 PDT" name="Default suite" finished-at="2023-10-23T01:50:53 PDT" duration-ms="4296">
    <groups>
    </groups>
    <test started-at="2023-10-23T01:50:49 PDT" name="Default test" finished-at="2023-10-23T01:50:53 PDT" duration-ms="4296">
      <class name="magento.myclasselab">
        <test-method is-config="true" signature="mySetup()[pri:0, instance:magento.myclasselab@10027fc9]" started-at="2023-10-23T01:50:49 PDT" name="mySetup" finished-at="2023-10-23T01:50:53 PDT" duration-ms="3699" status="PASS">
          <reporter-output>
          </reporter-output>
        </test-method> <!-- mySetup -->
        <test-method signature="myTest()[pri:0, instance:magento.myclasselab@10027fc9]" started-at="2023-10-23T01:50:53 PDT" name="myTest" finished-at="2023-10-23T01:50:53 PDT" duration-ms="549" status="PASS">
          <reporter-output>
          </reporter-output>
        </test-method> <!-- myTest -->
        <test-method is-config="true" signature="myAfter()[pri:0, instance:magento.myclasselab@10027fc9]" started-at="2023-10-23T01:50:53 PDT" name="myAfter" finished-at="2023-10-23T01:50:53 PDT" duration-ms="0" status="PASS">
          <reporter-output>
          </reporter-output>
        </test-method> <!-- myAfter -->
      </class> <!-- magento.myclasselab -->
    </test> <!-- Default test -->
  </suite> <!-- Default suite -->
</testng-results>
